Build started 2015/5/2 22:26:14.
     1>Project "E:\Code\Practice\S-Trees\S-Tree\S-Tree.vcxproj" on node 2 (build target(s)).
     1>InitializeBuildStatus:
         Creating "Debug\S-Tree.unsuccessfulbuild" because "AlwaysCreate" was specified.
       ClCompile:
         C:\Program Files (x86)\Microsoft Visual Studio 10.0\VC\bin\CL.exe /c /ZI /nologo /W3 /WX- /Od /Oy- /D WIN32 /D _DEBUG /D _CONSOLE /D _UNICODE /D UNICODE /Gm /EHsc /RTC1 /MDd /GS /fp:precise /Zc:wchar_t /Zc:forScope /Fo"Debug\\" /Fd"Debug\vc100.pdb" /Gd /TP /analyze- /errorReport:prompt main.cpp
         main.cpp
       ManifestResourceCompile:
         All outputs are up-to-date.
       Link:
         C:\Program Files (x86)\Microsoft Visual Studio 10.0\VC\bin\link.exe /ERRORREPORT:PROMPT /OUT:"E:\Code\Practice\S-Trees\Debug\S-Tree.exe" /INCREMENTAL /NOLOGO kernel32.lib user32.lib gdi32.lib winspool.lib comdlg32.lib advapi32.lib shell32.lib ole32.lib oleaut32.lib uuid.lib odbc32.lib odbccp32.lib /MANIFEST /ManifestFile:"Debug\S-Tree.exe.intermediate.manifest" /MANIFESTUAC:"level='asInvoker' uiAccess='false'" /DEBUG /PDB:"E:\Code\Practice\S-Trees\Debug\S-Tree.pdb" /SUBSYSTEM:CONSOLE /TLBID:1 /DYNAMICBASE /NXCOMPAT /IMPLIB:"E:\Code\Practice\S-Trees\Debug\S-Tree.lib" /MACHINE:X86 "Debug\S-Tree.exe.embed.manifest.res"
         Debug\main.obj
       Manifest:
         C:\Program Files (x86)\Microsoft SDKs\Windows\v7.0A\bin\mt.exe /nologo /verbose /out:"Debug\S-Tree.exe.embed.manifest" /manifest "Debug\S-Tree.exe.intermediate.manifest"
         All outputs are up-to-date.
       LinkEmbedManifest:
         All outputs are up-to-date.
         S-Tree.vcxproj -> E:\Code\Practice\S-Trees\Debug\S-Tree.exe
       FinalizeBuildStatus:
         Deleting file "Debug\S-Tree.unsuccessfulbuild".
         Touching "Debug\S-Tree.lastbuildstate".
     1>Done Building Project "E:\Code\Practice\S-Trees\S-Tree\S-Tree.vcxproj" (build target(s)).

Build succeeded.

Time Elapsed 00:00:00.71
